Case #1: 2 2
Case #2: 1 0
Case #3: 6 0
Case #4: 7 3
Case #5: 9 5
Case #6: 10 10
Case #7: 9 5
Case #8: 7 1
Case #9: 8 2
Case #10: 2 2
Case #11: 0 0
Case #12: 8 2
Case #13: 7 2
Case #14: 6 1
Case #15: 10 5
Case #16: 0 0
Case #17: 8 3
Case #18: 9 3
Case #19: 9 4
Case #20: 8 2
Case #21: 7 0
Case #22: 8 3
Case #23: 0 0
Case #24: 10 10
Case #25: 7 7
Case #26: 5 0
Case #27: 5 2
Case #28: 9 6
Case #29: 9 5
Case #30: 8 2
Case #31: 0 0
Case #32: 8 4
Case #33: 3 3
Case #34: 6 2
Case #35: 5 5
Case #36: 10 10
Case #37: 7 2
Case #38: 4 1
Case #39: 6 0
Case #40: 8 2
Case #41: 9 3
Case #42: 0 0
Case #43: 2 1
Case #44: 1 0
Case #45: 0 0
Case #46: 8 3
Case #47: 0 0
Case #48: 5 2
Case #49: 6 3
Case #50: 6 6
